1738432935.185710 client started (13378): version 3.5a, socket /private/tmp/tmux-501/default, protocol 8
1738432935.185745 on Darwin 24.1.0 Darwin Kernel Version 24.1.0: Thu Oct 10 21:03:15 PDT 2024; root:xnu-11215.41.3~2/RELEASE_ARM64_T6000
1738432935.185752 using libevent 2.1.12-stable select
1738432935.185768 using utf8proc 2.9.0
1738432935.185771 using ncurses 6.5 20240427
1738432935.185780 flags are 0x10010000
1738432935.185784 socket is /private/tmp/tmux-501/default
1738432935.185790 trying connect
1738432935.185815 add peer 0x140048000: 6 (0x0)
1738432935.186825 sending message 111 to peer 0x140048000 (8 bytes)
1738432935.186830 sending message 111 to peer 0x140048000 (8 bytes)
1738432935.186834 sending message 101 to peer 0x140048000 (14 bytes)
1738432935.186837 sending message 109 to peer 0x140048000 (4 bytes)
1738432935.186840 sending message 102 to peer 0x140048000 (13 bytes)
1738432935.186843 sending message 108 to peer 0x140048000 (28 bytes)
1738432935.186846 sending message 112 to peer 0x140048000 (70 bytes)
1738432935.186849 sending message 112 to peer 0x140048000 (5 bytes)
1738432935.186852 sending message 112 to peer 0x140048000 (5 bytes)
1738432935.186855 sending message 112 to peer 0x140048000 (6 bytes)
1738432935.186857 sending message 112 to peer 0x140048000 (6 bytes)
1738432935.186860 sending message 112 to peer 0x140048000 (11 bytes)
1738432935.186863 sending message 112 to peer 0x140048000 (10 bytes)
1738432935.186866 sending message 112 to peer 0x140048000 (13 bytes)
1738432935.186869 sending message 112 to peer 0x140048000 (13 bytes)
1738432935.186872 sending message 112 to peer 0x140048000 (18 bytes)
1738432935.186875 sending message 112 to peer 0x140048000 (11 bytes)
1738432935.186877 sending message 112 to peer 0x140048000 (10 bytes)
1738432935.186880 sending message 112 to peer 0x140048000 (15 bytes)
1738432935.186883 sending message 112 to peer 0x140048000 (21 bytes)
1738432935.186886 sending message 112 to peer 0x140048000 (13 bytes)
1738432935.186889 sending message 112 to peer 0x140048000 (7 bytes)
1738432935.186891 sending message 112 to peer 0x140048000 (13 bytes)
1738432935.186894 sending message 112 to peer 0x140048000 (7 bytes)
1738432935.186897 sending message 112 to peer 0x140048000 (13 bytes)
1738432935.186900 sending message 112 to peer 0x140048000 (9 bytes)
1738432935.186902 sending message 112 to peer 0x140048000 (21 bytes)
1738432935.186905 sending message 112 to peer 0x140048000 (13 bytes)
1738432935.186908 sending message 112 to peer 0x140048000 (8 bytes)
1738432935.186911 sending message 112 to peer 0x140048000 (12 bytes)
1738432935.186913 sending message 112 to peer 0x140048000 (13 bytes)
1738432935.186916 sending message 112 to peer 0x140048000 (9 bytes)
1738432935.186919 sending message 112 to peer 0x140048000 (9 bytes)
1738432935.186922 sending message 112 to peer 0x140048000 (12 bytes)
1738432935.186925 sending message 112 to peer 0x140048000 (8 bytes)
1738432935.186928 sending message 112 to peer 0x140048000 (8 bytes)
1738432935.186930 sending message 112 to peer 0x140048000 (7 bytes)
1738432935.186933 sending message 112 to peer 0x140048000 (7 bytes)
1738432935.186936 sending message 112 to peer 0x140048000 (9 bytes)
1738432935.186939 sending message 112 to peer 0x140048000 (13 bytes)
1738432935.186941 sending message 112 to peer 0x140048000 (6 bytes)
1738432935.186944 sending message 112 to peer 0x140048000 (9 bytes)
1738432935.186947 sending message 112 to peer 0x140048000 (15 bytes)
1738432935.186950 sending message 112 to peer 0x140048000 (13 bytes)
1738432935.186952 sending message 112 to peer 0x140048000 (12 bytes)
1738432935.186955 sending message 112 to peer 0x140048000 (8 bytes)
1738432935.186958 sending message 112 to peer 0x140048000 (14 bytes)
1738432935.186961 sending message 112 to peer 0x140048000 (11 bytes)
1738432935.186964 sending message 112 to peer 0x140048000 (9 bytes)
1738432935.186966 sending message 112 to peer 0x140048000 (10 bytes)
1738432935.186969 sending message 112 to peer 0x140048000 (10 bytes)
1738432935.186972 sending message 112 to peer 0x140048000 (10 bytes)
1738432935.186979 sending message 112 to peer 0x140048000 (10 bytes)
1738432935.186982 sending message 112 to peer 0x140048000 (11 bytes)
1738432935.186984 sending message 112 to peer 0x140048000 (12 bytes)
1738432935.186986 sending message 112 to peer 0x140048000 (12 bytes)
1738432935.186988 sending message 112 to peer 0x140048000 (12 bytes)
1738432935.186990 sending message 112 to peer 0x140048000 (12 bytes)
1738432935.186992 sending message 112 to peer 0x140048000 (12 bytes)
1738432935.186994 sending message 112 to peer 0x140048000 (11 bytes)
1738432935.186996 sending message 112 to peer 0x140048000 (11 bytes)
1738432935.186998 sending message 112 to peer 0x140048000 (12 bytes)
1738432935.187000 sending message 112 to peer 0x140048000 (12 bytes)
1738432935.187002 sending message 112 to peer 0x140048000 (12 bytes)
1738432935.187004 sending message 112 to peer 0x140048000 (12 bytes)
1738432935.187006 sending message 112 to peer 0x140048000 (12 bytes)
1738432935.187008 sending message 112 to peer 0x140048000 (10 bytes)
1738432935.187010 sending message 112 to peer 0x140048000 (12 bytes)
1738432935.187013 sending message 112 to peer 0x140048000 (13 bytes)
1738432935.187015 sending message 112 to peer 0x140048000 (13 bytes)
1738432935.187017 sending message 112 to peer 0x140048000 (13 bytes)
1738432935.187019 sending message 112 to peer 0x140048000 (13 bytes)
1738432935.187021 sending message 112 to peer 0x140048000 (13 bytes)
1738432935.187023 sending message 112 to peer 0x140048000 (8 bytes)
1738432935.187026 sending message 112 to peer 0x140048000 (11 bytes)
1738432935.187028 sending message 112 to peer 0x140048000 (11 bytes)
1738432935.187030 sending message 112 to peer 0x140048000 (11 bytes)
1738432935.187032 sending message 112 to peer 0x140048000 (12 bytes)
1738432935.187034 sending message 112 to peer 0x140048000 (12 bytes)
1738432935.187036 sending message 112 to peer 0x140048000 (12 bytes)
1738432935.187038 sending message 112 to peer 0x140048000 (12 bytes)
1738432935.187040 sending message 112 to peer 0x140048000 (13 bytes)
1738432935.187043 sending message 112 to peer 0x140048000 (13 bytes)
1738432935.187045 sending message 112 to peer 0x140048000 (13 bytes)
1738432935.187047 sending message 112 to peer 0x140048000 (8 bytes)
1738432935.187049 sending message 112 to peer 0x140048000 (13 bytes)
1738432935.187051 sending message 112 to peer 0x140048000 (13 bytes)
1738432935.187053 sending message 112 to peer 0x140048000 (13 bytes)
1738432935.187055 sending message 112 to peer 0x140048000 (13 bytes)
1738432935.187057 sending message 112 to peer 0x140048000 (13 bytes)
1738432935.187060 sending message 112 to peer 0x140048000 (12 bytes)
1738432935.187062 sending message 112 to peer 0x140048000 (12 bytes)
1738432935.187064 sending message 112 to peer 0x140048000 (12 bytes)
1738432935.187066 sending message 112 to peer 0x140048000 (12 bytes)
1738432935.187068 sending message 112 to peer 0x140048000 (13 bytes)
1738432935.187070 sending message 112 to peer 0x140048000 (8 bytes)
1738432935.187072 sending message 112 to peer 0x140048000 (13 bytes)
1738432935.187074 sending message 112 to peer 0x140048000 (13 bytes)
1738432935.187076 sending message 112 to peer 0x140048000 (13 bytes)
1738432935.187078 sending message 112 to peer 0x140048000 (13 bytes)
1738432935.187080 sending message 112 to peer 0x140048000 (13 bytes)
1738432935.187082 sending message 112 to peer 0x140048000 (13 bytes)
1738432935.187084 sending message 112 to peer 0x140048000 (13 bytes)
1738432935.187086 sending message 112 to peer 0x140048000 (12 bytes)
1738432935.187088 sending message 112 to peer 0x140048000 (12 bytes)
1738432935.187090 sending message 112 to peer 0x140048000 (12 bytes)
1738432935.187092 sending message 112 to peer 0x140048000 (8 bytes)
1738432935.187094 sending message 112 to peer 0x140048000 (12 bytes)
1738432935.187097 sending message 112 to peer 0x140048000 (13 bytes)
1738432935.187098 sending message 112 to peer 0x140048000 (13 bytes)
1738432935.187100 sending message 112 to peer 0x140048000 (13 bytes)
1738432935.187103 sending message 112 to peer 0x140048000 (13 bytes)
1738432935.187108 sending message 112 to peer 0x140048000 (13 bytes)
1738432935.187110 sending message 112 to peer 0x140048000 (13 bytes)
1738432935.187112 sending message 112 to peer 0x140048000 (13 bytes)
1738432935.187114 sending message 112 to peer 0x140048000 (13 bytes)
1738432935.187116 sending message 112 to peer 0x140048000 (12 bytes)
1738432935.187118 sending message 112 to peer 0x140048000 (10 bytes)
1738432935.187120 sending message 112 to peer 0x140048000 (12 bytes)
1738432935.187122 sending message 112 to peer 0x140048000 (12 bytes)
1738432935.187125 sending message 112 to peer 0x140048000 (12 bytes)
1738432935.187127 sending message 112 to peer 0x140048000 (13 bytes)
1738432935.187129 sending message 112 to peer 0x140048000 (13 bytes)
1738432935.187131 sending message 112 to peer 0x140048000 (13 bytes)
1738432935.187133 sending message 112 to peer 0x140048000 (13 bytes)
1738432935.187135 sending message 112 to peer 0x140048000 (13 bytes)
1738432935.187137 sending message 112 to peer 0x140048000 (13 bytes)
1738432935.187139 sending message 112 to peer 0x140048000 (13 bytes)
1738432935.187141 sending message 112 to peer 0x140048000 (10 bytes)
1738432935.187143 sending message 112 to peer 0x140048000 (13 bytes)
1738432935.187145 sending message 112 to peer 0x140048000 (12 bytes)
1738432935.187147 sending message 112 to peer 0x140048000 (12 bytes)
1738432935.187149 sending message 112 to peer 0x140048000 (12 bytes)
1738432935.187151 sending message 112 to peer 0x140048000 (10 bytes)
1738432935.187153 sending message 112 to peer 0x140048000 (10 bytes)
1738432935.187155 sending message 112 to peer 0x140048000 (10 bytes)
1738432935.187157 sending message 112 to peer 0x140048000 (12 bytes)
1738432935.187159 sending message 112 to peer 0x140048000 (13 bytes)
1738432935.187161 sending message 112 to peer 0x140048000 (13 bytes)
1738432935.187164 sending message 112 to peer 0x140048000 (13 bytes)
1738432935.187166 sending message 112 to peer 0x140048000 (13 bytes)
1738432935.187168 sending message 112 to peer 0x140048000 (13 bytes)
1738432935.187170 sending message 112 to peer 0x140048000 (11 bytes)
1738432935.187172 sending message 112 to peer 0x140048000 (11 bytes)
1738432935.187174 sending message 112 to peer 0x140048000 (12 bytes)
1738432935.187176 sending message 112 to peer 0x140048000 (12 bytes)
1738432935.187178 sending message 112 to peer 0x140048000 (12 bytes)
1738432935.187180 sending message 112 to peer 0x140048000 (12 bytes)
1738432935.187182 sending message 112 to peer 0x140048000 (12 bytes)
1738432935.187184 sending message 112 to peer 0x140048000 (11 bytes)
1738432935.187186 sending message 112 to peer 0x140048000 (12 bytes)
1738432935.187188 sending message 112 to peer 0x140048000 (12 bytes)
1738432935.187190 sending message 112 to peer 0x140048000 (13 bytes)
1738432935.187192 sending message 112 to peer 0x140048000 (13 bytes)
1738432935.187194 sending message 112 to peer 0x140048000 (13 bytes)
1738432935.187196 sending message 112 to peer 0x140048000 (13 bytes)
1738432935.187198 sending message 112 to peer 0x140048000 (13 bytes)
1738432935.187200 sending message 112 to peer 0x140048000 (10 bytes)
1738432935.187202 sending message 112 to peer 0x140048000 (9 bytes)
1738432935.187204 sending message 112 to peer 0x140048000 (12 bytes)
1738432935.187206 sending message 112 to peer 0x140048000 (13 bytes)
1738432935.187208 sending message 112 to peer 0x140048000 (13 bytes)
1738432935.187210 sending message 112 to peer 0x140048000 (13 bytes)
1738432935.187212 sending message 112 to peer 0x140048000 (13 bytes)
1738432935.187214 sending message 112 to peer 0x140048000 (13 bytes)
1738432935.187216 sending message 112 to peer 0x140048000 (9 bytes)
1738432935.187218 sending message 112 to peer 0x140048000 (12 bytes)
1738432935.187220 sending message 112 to peer 0x140048000 (13 bytes)
1738432935.187222 sending message 112 to peer 0x140048000 (13 bytes)
1738432935.187224 sending message 112 to peer 0x140048000 (13 bytes)
1738432935.187226 sending message 112 to peer 0x140048000 (13 bytes)
1738432935.187231 sending message 112 to peer 0x140048000 (13 bytes)
1738432935.187233 sending message 112 to peer 0x140048000 (11 bytes)
1738432935.187235 sending message 112 to peer 0x140048000 (12 bytes)
1738432935.187237 sending message 112 to peer 0x140048000 (13 bytes)
1738432935.187239 sending message 112 to peer 0x140048000 (13 bytes)
1738432935.187241 sending message 112 to peer 0x140048000 (13 bytes)
1738432935.187243 sending message 112 to peer 0x140048000 (13 bytes)
1738432935.187245 sending message 112 to peer 0x140048000 (13 bytes)
1738432935.187247 sending message 112 to peer 0x140048000 (11 bytes)
1738432935.187250 sending message 112 to peer 0x140048000 (12 bytes)
1738432935.187252 sending message 112 to peer 0x140048000 (12 bytes)
1738432935.187254 sending message 112 to peer 0x140048000 (12 bytes)
1738432935.187256 sending message 112 to peer 0x140048000 (12 bytes)
1738432935.187258 sending message 112 to peer 0x140048000 (12 bytes)
1738432935.187260 sending message 112 to peer 0x140048000 (21 bytes)
1738432935.187262 sending message 112 to peer 0x140048000 (12 bytes)
1738432935.187264 sending message 112 to peer 0x140048000 (9 bytes)
1738432935.187266 sending message 112 to peer 0x140048000 (6 bytes)
1738432935.187268 sending message 112 to peer 0x140048000 (13 bytes)
1738432935.187270 sending message 112 to peer 0x140048000 (8 bytes)
1738432935.187272 sending message 112 to peer 0x140048000 (15 bytes)
1738432935.187274 sending message 112 to peer 0x140048000 (13 bytes)
1738432935.187276 sending message 112 to peer 0x140048000 (9 bytes)
1738432935.187278 sending message 112 to peer 0x140048000 (70 bytes)
1738432935.187280 sending message 112 to peer 0x140048000 (69 bytes)
1738432935.187282 sending message 112 to peer 0x140048000 (10 bytes)
1738432935.187285 sending message 112 to peer 0x140048000 (10 bytes)
1738432935.187287 sending message 112 to peer 0x140048000 (8 bytes)
1738432935.187289 sending message 112 to peer 0x140048000 (15 bytes)
1738432935.187291 sending message 112 to peer 0x140048000 (13 bytes)
1738432935.187293 sending message 112 to peer 0x140048000 (10 bytes)
1738432935.187295 sending message 112 to peer 0x140048000 (10 bytes)
1738432935.187297 sending message 112 to peer 0x140048000 (17 bytes)
1738432935.187299 sending message 112 to peer 0x140048000 (10 bytes)
1738432935.187301 sending message 112 to peer 0x140048000 (13 bytes)
1738432935.187303 sending message 112 to peer 0x140048000 (9 bytes)
1738432935.187305 sending message 112 to peer 0x140048000 (5 bytes)
1738432935.187307 sending message 112 to peer 0x140048000 (15 bytes)
1738432935.187310 sending message 104 to peer 0x140048000 (0 bytes)
1738432935.187312 sending message 110 to peer 0x140048000 (0 bytes)
1738432935.187314 sending message 107 to peer 0x140048000 (4 bytes)
1738432935.187316 sending message 105 to peer 0x140048000 (20 bytes)
1738432935.187318 sending message 105 to peer 0x140048000 (22 bytes)
1738432935.187321 sending message 105 to peer 0x140048000 (12 bytes)
1738432935.187323 sending message 105 to peer 0x140048000 (57 bytes)
1738432935.187325 sending message 105 to peer 0x140048000 (75 bytes)
1738432935.187327 sending message 105 to peer 0x140048000 (36 bytes)
1738432935.187329 sending message 105 to peer 0x140048000 (18 bytes)
1738432935.187331 sending message 105 to peer 0x140048000 (37 bytes)
1738432935.187333 sending message 105 to peer 0x140048000 (30 bytes)
1738432935.187335 sending message 105 to peer 0x140048000 (34 bytes)
1738432935.187337 sending message 105 to peer 0x140048000 (60 bytes)
1738432935.187339 sending message 105 to peer 0x140048000 (17 bytes)
1738432935.187341 sending message 105 to peer 0x140048000 (8 bytes)
1738432935.187343 sending message 105 to peer 0x140048000 (14 bytes)
1738432935.187345 sending message 105 to peer 0x140048000 (32 bytes)
1738432935.187347 sending message 105 to peer 0x140048000 (96 bytes)
1738432935.187349 sending message 105 to peer 0x140048000 (54 bytes)
1738432935.187351 sending message 105 to peer 0x140048000 (206 bytes)
1738432935.187357 sending message 105 to peer 0x140048000 (52 bytes)
1738432935.187360 sending message 105 to peer 0x140048000 (16 bytes)
1738432935.187362 sending message 105 to peer 0x140048000 (26 bytes)
1738432935.187364 sending message 105 to peer 0x140048000 (61 bytes)
1738432935.187366 sending message 105 to peer 0x140048000 (20 bytes)
1738432935.187368 sending message 105 to peer 0x140048000 (111 bytes)
1738432935.187370 sending message 105 to peer 0x140048000 (11 bytes)
1738432935.187372 sending message 105 to peer 0x140048000 (778 bytes)
1738432935.187374 sending message 105 to peer 0x140048000 (32 bytes)
1738432935.187376 sending message 105 to peer 0x140048000 (24 bytes)
1738432935.187378 sending message 105 to peer 0x140048000 (15 bytes)
1738432935.187380 sending message 105 to peer 0x140048000 (8 bytes)
1738432935.187382 sending message 105 to peer 0x140048000 (66 bytes)
1738432935.187386 sending message 105 to peer 0x140048000 (19 bytes)
1738432935.187388 sending message 105 to peer 0x140048000 (63 bytes)
1738432935.187390 sending message 105 to peer 0x140048000 (18 bytes)
1738432935.187392 sending message 105 to peer 0x140048000 (26 bytes)
1738432935.187394 sending message 105 to peer 0x140048000 (57 bytes)
1738432935.187396 sending message 105 to peer 0x140048000 (42 bytes)
1738432935.187398 sending message 105 to peer 0x140048000 (13 bytes)
1738432935.187400 sending message 105 to peer 0x140048000 (53 bytes)
1738432935.187403 sending message 105 to peer 0x140048000 (11 bytes)
1738432935.187405 sending message 105 to peer 0x140048000 (98 bytes)
1738432935.187407 sending message 105 to peer 0x140048000 (14 bytes)
1738432935.187409 sending message 105 to peer 0x140048000 (19 bytes)
1738432935.187411 sending message 105 to peer 0x140048000 (28 bytes)
1738432935.187413 sending message 105 to peer 0x140048000 (43 bytes)
1738432935.187415 sending message 105 to peer 0x140048000 (32 bytes)
1738432935.187417 sending message 105 to peer 0x140048000 (25 bytes)
1738432935.187419 sending message 106 to peer 0x140048000 (0 bytes)
1738432935.187457 sending message 200 to peer 0x140048000 (4 bytes)
1738432935.187460 client loop enter
1738432935.187603 peer 0x140048000 message 303
1738432935.187613 open write file 2 -
1738432935.187628 sending message 305 to peer 0x140048000 (8 bytes)
1738432935.187636 write check file 2
1738432935.187654 peer 0x140048000 message 304
1738432935.187658 write 58 to file 2
1738432935.187666 peer 0x140048000 message 203
1738432935.187670 file 2 58 bytes left
1738432935.187677 write check file 2
1738432935.187679 client loop exit
