1728178488.479129 client started (48597): version 3.5a, socket /private/tmp/tmux-501/default, protocol 8
1728178488.479168 on Darwin 24.0.0 Darwin Kernel Version 24.0.0: Mon Aug 12 20:51:54 PDT 2024; root:xnu-11215.1.10~2/RELEASE_ARM64_T6000
1728178488.479178 using libevent 2.1.12-stable select
1728178488.479198 using utf8proc 2.9.0
1728178488.479203 using ncurses 6.5 20240427
1728178488.479214 flags are 0x10010000
1728178488.479218 socket is /private/tmp/tmux-501/default
1728178488.479226 trying connect
1728178488.479267 add peer 0x140048000: 6 (0x0)
1728178488.480608 sending message 111 to peer 0x140048000 (8 bytes)
1728178488.480618 sending message 111 to peer 0x140048000 (8 bytes)
1728178488.480623 sending message 101 to peer 0x140048000 (14 bytes)
1728178488.480628 sending message 109 to peer 0x140048000 (4 bytes)
1728178488.480633 sending message 102 to peer 0x140048000 (13 bytes)
1728178488.480637 sending message 108 to peer 0x140048000 (33 bytes)
1728178488.480641 sending message 112 to peer 0x140048000 (70 bytes)
1728178488.480645 sending message 112 to peer 0x140048000 (5 bytes)
1728178488.480649 sending message 112 to peer 0x140048000 (5 bytes)
1728178488.480653 sending message 112 to peer 0x140048000 (6 bytes)
1728178488.480657 sending message 112 to peer 0x140048000 (6 bytes)
1728178488.480660 sending message 112 to peer 0x140048000 (11 bytes)
1728178488.480664 sending message 112 to peer 0x140048000 (10 bytes)
1728178488.480668 sending message 112 to peer 0x140048000 (13 bytes)
1728178488.480672 sending message 112 to peer 0x140048000 (13 bytes)
1728178488.480677 sending message 112 to peer 0x140048000 (18 bytes)
1728178488.480681 sending message 112 to peer 0x140048000 (11 bytes)
1728178488.480685 sending message 112 to peer 0x140048000 (10 bytes)
1728178488.480689 sending message 112 to peer 0x140048000 (15 bytes)
1728178488.480693 sending message 112 to peer 0x140048000 (21 bytes)
1728178488.480697 sending message 112 to peer 0x140048000 (13 bytes)
1728178488.480701 sending message 112 to peer 0x140048000 (7 bytes)
1728178488.480705 sending message 112 to peer 0x140048000 (13 bytes)
1728178488.480708 sending message 112 to peer 0x140048000 (7 bytes)
1728178488.480712 sending message 112 to peer 0x140048000 (13 bytes)
1728178488.480716 sending message 112 to peer 0x140048000 (9 bytes)
1728178488.480720 sending message 112 to peer 0x140048000 (21 bytes)
1728178488.480724 sending message 112 to peer 0x140048000 (13 bytes)
1728178488.480727 sending message 112 to peer 0x140048000 (8 bytes)
1728178488.480731 sending message 112 to peer 0x140048000 (12 bytes)
1728178488.480735 sending message 112 to peer 0x140048000 (13 bytes)
1728178488.480739 sending message 112 to peer 0x140048000 (9 bytes)
1728178488.480742 sending message 112 to peer 0x140048000 (9 bytes)
1728178488.480746 sending message 112 to peer 0x140048000 (12 bytes)
1728178488.480750 sending message 112 to peer 0x140048000 (8 bytes)
1728178488.480754 sending message 112 to peer 0x140048000 (7 bytes)
1728178488.480757 sending message 112 to peer 0x140048000 (7 bytes)
1728178488.480761 sending message 112 to peer 0x140048000 (9 bytes)
1728178488.480765 sending message 112 to peer 0x140048000 (13 bytes)
1728178488.480769 sending message 112 to peer 0x140048000 (6 bytes)
1728178488.480772 sending message 112 to peer 0x140048000 (9 bytes)
1728178488.480776 sending message 112 to peer 0x140048000 (13 bytes)
1728178488.480780 sending message 112 to peer 0x140048000 (12 bytes)
1728178488.480784 sending message 112 to peer 0x140048000 (8 bytes)
1728178488.480787 sending message 112 to peer 0x140048000 (9 bytes)
1728178488.480791 sending message 112 to peer 0x140048000 (10 bytes)
1728178488.480795 sending message 112 to peer 0x140048000 (10 bytes)
1728178488.480799 sending message 112 to peer 0x140048000 (10 bytes)
1728178488.480802 sending message 112 to peer 0x140048000 (10 bytes)
1728178488.480806 sending message 112 to peer 0x140048000 (11 bytes)
1728178488.480810 sending message 112 to peer 0x140048000 (10 bytes)
1728178488.480814 sending message 112 to peer 0x140048000 (8 bytes)
1728178488.480823 sending message 112 to peer 0x140048000 (11 bytes)
1728178488.480826 sending message 112 to peer 0x140048000 (11 bytes)
1728178488.480829 sending message 112 to peer 0x140048000 (11 bytes)
1728178488.480832 sending message 112 to peer 0x140048000 (8 bytes)
1728178488.480835 sending message 112 to peer 0x140048000 (8 bytes)
1728178488.480837 sending message 112 to peer 0x140048000 (8 bytes)
1728178488.480840 sending message 112 to peer 0x140048000 (10 bytes)
1728178488.480843 sending message 112 to peer 0x140048000 (10 bytes)
1728178488.480846 sending message 112 to peer 0x140048000 (10 bytes)
1728178488.480849 sending message 112 to peer 0x140048000 (10 bytes)
1728178488.480852 sending message 112 to peer 0x140048000 (10 bytes)
1728178488.480854 sending message 112 to peer 0x140048000 (11 bytes)
1728178488.480857 sending message 112 to peer 0x140048000 (11 bytes)
1728178488.480860 sending message 112 to peer 0x140048000 (10 bytes)
1728178488.480863 sending message 112 to peer 0x140048000 (9 bytes)
1728178488.480865 sending message 112 to peer 0x140048000 (9 bytes)
1728178488.480868 sending message 112 to peer 0x140048000 (12 bytes)
1728178488.480871 sending message 112 to peer 0x140048000 (9 bytes)
1728178488.480874 sending message 112 to peer 0x140048000 (6 bytes)
1728178488.480876 sending message 112 to peer 0x140048000 (8 bytes)
1728178488.480879 sending message 112 to peer 0x140048000 (15 bytes)
1728178488.480882 sending message 112 to peer 0x140048000 (13 bytes)
1728178488.480884 sending message 112 to peer 0x140048000 (9 bytes)
1728178488.480887 sending message 112 to peer 0x140048000 (70 bytes)
1728178488.480890 sending message 112 to peer 0x140048000 (69 bytes)
1728178488.480893 sending message 112 to peer 0x140048000 (10 bytes)
1728178488.480896 sending message 112 to peer 0x140048000 (10 bytes)
1728178488.480898 sending message 112 to peer 0x140048000 (8 bytes)
1728178488.480901 sending message 112 to peer 0x140048000 (15 bytes)
1728178488.480904 sending message 112 to peer 0x140048000 (13 bytes)
1728178488.480907 sending message 112 to peer 0x140048000 (10 bytes)
1728178488.480910 sending message 112 to peer 0x140048000 (10 bytes)
1728178488.480913 sending message 112 to peer 0x140048000 (13 bytes)
1728178488.480915 sending message 112 to peer 0x140048000 (9 bytes)
1728178488.480918 sending message 112 to peer 0x140048000 (5 bytes)
1728178488.480921 sending message 112 to peer 0x140048000 (5 bytes)
1728178488.480924 sending message 104 to peer 0x140048000 (0 bytes)
1728178488.480928 sending message 110 to peer 0x140048000 (0 bytes)
1728178488.480931 sending message 107 to peer 0x140048000 (4 bytes)
1728178488.480935 sending message 105 to peer 0x140048000 (15 bytes)
1728178488.480938 sending message 105 to peer 0x140048000 (20 bytes)
1728178488.480943 sending message 105 to peer 0x140048000 (22 bytes)
1728178488.480946 sending message 105 to peer 0x140048000 (28 bytes)
1728178488.480949 sending message 105 to peer 0x140048000 (12 bytes)
1728178488.480953 sending message 105 to peer 0x140048000 (18 bytes)
1728178488.480958 sending message 105 to peer 0x140048000 (37 bytes)
1728178488.480961 sending message 105 to peer 0x140048000 (30 bytes)
1728178488.480964 sending message 105 to peer 0x140048000 (34 bytes)
1728178488.480967 sending message 105 to peer 0x140048000 (60 bytes)
1728178488.480970 sending message 105 to peer 0x140048000 (22 bytes)
1728178488.480973 sending message 105 to peer 0x140048000 (61 bytes)
1728178488.480975 sending message 105 to peer 0x140048000 (17 bytes)
1728178488.480978 sending message 105 to peer 0x140048000 (19 bytes)
1728178488.480981 sending message 105 to peer 0x140048000 (26 bytes)
1728178488.480984 sending message 105 to peer 0x140048000 (8 bytes)
1728178488.480987 sending message 105 to peer 0x140048000 (14 bytes)
1728178488.480989 sending message 105 to peer 0x140048000 (32 bytes)
1728178488.480992 sending message 105 to peer 0x140048000 (96 bytes)
1728178488.480995 sending message 105 to peer 0x140048000 (54 bytes)
1728178488.480998 sending message 105 to peer 0x140048000 (23 bytes)
1728178488.481006 sending message 105 to peer 0x140048000 (52 bytes)
1728178488.481009 sending message 105 to peer 0x140048000 (16 bytes)
1728178488.481013 sending message 105 to peer 0x140048000 (26 bytes)
1728178488.481017 sending message 105 to peer 0x140048000 (61 bytes)
1728178488.481019 sending message 105 to peer 0x140048000 (40 bytes)
1728178488.481022 sending message 105 to peer 0x140048000 (18 bytes)
1728178488.481025 sending message 105 to peer 0x140048000 (11 bytes)
1728178488.481028 sending message 105 to peer 0x140048000 (694 bytes)
1728178488.481031 sending message 105 to peer 0x140048000 (53 bytes)
1728178488.481033 sending message 105 to peer 0x140048000 (23 bytes)
1728178488.481036 sending message 105 to peer 0x140048000 (74 bytes)
1728178488.481039 sending message 105 to peer 0x140048000 (29 bytes)
1728178488.481042 sending message 105 to peer 0x140048000 (37 bytes)
1728178488.481045 sending message 105 to peer 0x140048000 (15 bytes)
1728178488.481048 sending message 105 to peer 0x140048000 (8 bytes)
1728178488.481050 sending message 105 to peer 0x140048000 (66 bytes)
1728178488.481053 sending message 105 to peer 0x140048000 (19 bytes)
1728178488.481056 sending message 105 to peer 0x140048000 (86 bytes)
1728178488.481059 sending message 105 to peer 0x140048000 (42 bytes)
1728178488.481062 sending message 105 to peer 0x140048000 (18 bytes)
1728178488.481065 sending message 105 to peer 0x140048000 (26 bytes)
1728178488.481067 sending message 105 to peer 0x140048000 (60 bytes)
1728178488.481070 sending message 105 to peer 0x140048000 (57 bytes)
1728178488.481073 sending message 105 to peer 0x140048000 (43 bytes)
1728178488.481076 sending message 105 to peer 0x140048000 (13 bytes)
1728178488.481078 sending message 105 to peer 0x140048000 (11 bytes)
1728178488.481081 sending message 105 to peer 0x140048000 (14 bytes)
1728178488.481084 sending message 105 to peer 0x140048000 (19 bytes)
1728178488.481087 sending message 105 to peer 0x140048000 (21 bytes)
1728178488.481090 sending message 105 to peer 0x140048000 (28 bytes)
1728178488.481093 sending message 105 to peer 0x140048000 (43 bytes)
1728178488.481095 sending message 105 to peer 0x140048000 (32 bytes)
1728178488.481098 sending message 105 to peer 0x140048000 (25 bytes)
1728178488.481101 sending message 106 to peer 0x140048000 (0 bytes)
1728178488.481152 sending message 200 to peer 0x140048000 (4 bytes)
1728178488.481156 client loop enter
1728178488.481268 peer 0x140048000 message 303
1728178488.481293 open write file 2 -
1728178488.481304 sending message 305 to peer 0x140048000 (8 bytes)
1728178488.481314 write check file 2
1728178488.481337 peer 0x140048000 message 304
1728178488.481341 write 58 to file 2
1728178488.481345 peer 0x140048000 message 203
1728178488.481363 file 2 58 bytes left
1728178488.481384 write check file 2
1728178488.481390 client loop exit
